# JRE version: Java(TM) SE Runtime Environment (8.0_121-b13) (build 1.8.0_121-b13)
# Java VM: Java HotSpot(TM) 64-Bit Server VM (25.121-b13 mixed mode linux-amd64 compressed oops)
Heap:
 PSYoungGen      total 249344K, used 3924K [0x00000000d6f00000, 0x00000000e6e80000, 0x0000000100000000)
  eden space 237056K, 0% used [0x00000000d6f00000,0x00000000d6f00000,0x00000000e5680000)
  from space 12288K, 31% used [0x00000000e5680000,0x00000000e5a550c0,0x00000000e6280000)
  to   space 9728K, 0% used [0x00000000e6500000,0x00000000e6500000,0x00000000e6e80000)
 ParOldGen       total 49152K, used 15995K [0x0000000084c00000, 0x0000000087c00000, 0x00000000d6f00000)
  object space 49152K, 32% used [0x0000000084c00000,0x0000000085b9ee18,0x0000000087c00000)
 Metaspace       used 28647K, capacity 28974K, committed 29312K, reserved 1075200K
  class space    used 3535K, capacity 3624K, committed 3712K, reserved 1048576K
GC Heap History (10 events):
Event: 23.469 GC heap after
Heap after GC invocations=5 (full 0):
 PSYoungGen      total 68608K, used 5104K [0x00000000d6f00000, 0x00000000e0000000, 0x0000000100000000)
  eden space 63488K, 0% used [0x00000000d6f00000,0x00000000d6f00000,0x00000000dad00000)
  from space 5120K, 99% used [0x00000000dad00000,0x00000000db1fc020,0x00000000db200000)
  to   space 10752K, 0% used [0x00000000df580000,0x00000000df580000,0x00000000e0000000)
 ParOldGen       total 84992K, used 8959K [0x0000000084c00000, 0x0000000089f00000, 0x00000000d6f00000)
  object space 84992K, 10% used [0x0000000084c00000,0x00000000854bfef8,0x0000000089f00000)
 Metaspace       used 20885K, capacity 21082K, committed 21248K, reserved 1067008K
  class space    used 2655K, capacity 2728K, committed 2816K, reserved 1048576K
}
Event: 23.469 GC heap before
{Heap before GC invocations=6 (full 1):
 PSYoungGen      total 68608K, used 5104K [0x00000000d6f00000, 0x00000000e0000000, 0x0000000100000000)
  eden space 63488K, 0% used [0x00000000d6f00000,0x00000000d6f00000,0x00000000dad00000)
  from space 5120K, 99% used [0x00000000dad00000,0x00000000db1fc020,0x00000000db200000)
  to   space 10752K, 0% used [0x00000000df580000,0x00000000df580000,0x00000000e0000000)
 ParOldGen       total 84992K, used 8959K [0x0000000084c00000, 0x0000000089f00000, 0x00000000d6f00000)
  object space 84992K, 10% used [0x0000000084c00000,0x00000000854bfef8,0x0000000089f00000)
 Metaspace       used 20885K, capacity 21082K, committed 21248K, reserved 1067008K
  class space    used 2655K, capacity 2728K, committed 2816K, reserved 1048576K
Event: 23.498 GC heap after
Heap after GC invocations=6 (full 1):
 PSYoungGen      total 68608K, used 0K [0x00000000d6f00000, 0x00000000e0000000, 0x0000000100000000)
  eden space 63488K, 0% used [0x00000000d6f00000,0x00000000d6f00000,0x00000000dad00000)
  from space 5120K, 0% used [0x00000000dad00000,0x00000000dad00000,0x00000000db200000)
  to   space 10752K, 0% used [0x00000000df580000,0x00000000df580000,0x00000000e0000000)
 ParOldGen       total 49152K, used 10488K [0x0000000084c00000, 0x0000000087c00000, 0x00000000d6f00000)
  object space 49152K, 21% used [0x0000000084c00000,0x000000008563e298,0x0000000087c00000)
 Metaspace       used 20885K, capacity 21082K, committed 21248K, reserved 1067008K
  class space    used 2655K, capacity 2728K, committed 2816K, reserved 1048576K
}
Event: 23.906 GC heap before
{Heap before GC invocations=7 (full 1):
 PSYoungGen      total 68608K, used 63488K [0x00000000d6f00000, 0x00000000e0000000, 0x0000000100000000)
  eden space 63488K, 100% used [0x00000000d6f00000,0x00000000dad00000,0x00000000dad00000)
  from space 5120K, 0% used [0x00000000dad00000,0x00000000dad00000,0x00000000db200000)
  to   space 10752K, 0% used [0x00000000df580000,0x00000000df580000,0x00000000e0000000)
 ParOldGen       total 49152K, used 10488K [0x0000000084c00000, 0x0000000087c00000, 0x00000000d6f00000)
  object space 49152K, 21% used [0x0000000084c00000,0x000000008563e298,0x0000000087c00000)
 Metaspace       used 23613K, capacity 23898K, committed 24192K, reserved 1071104K
  class space    used 2994K, capacity 3096K, committed 3200K, reserved 1048576K
Event: 23.912 GC heap after
Heap after GC invocations=7 (full 1):
 PSYoungGen      total 131584K, used 7619K [0x00000000d6f00000, 0x00000000dfd00000, 0x0000000100000000)
  eden space 123904K, 0% used [0x00000000d6f00000,0x00000000d6f00000,0x00000000de800000)
  from space 7680K, 99% used [0x00000000df580000,0x00000000dfcf0ca0,0x00000000dfd00000)
  to   space 10752K, 0% used [0x00000000de800000,0x00000000de800000,0x00000000df280000)
 ParOldGen       total 49152K, used 10496K [0x0000000084c00000, 0x0000000087c00000, 0x00000000d6f00000)
  object space 49152K, 21% used [0x0000000084c00000,0x0000000085640298,0x0000000087c00000)
 Metaspace       used 23613K, capacity 23898K, committed 24192K, reserved 1071104K
  class space    used 2994K, capacity 3096K, committed 3200K, reserved 1048576K
}
Event: 29.296 GC heap before
{Heap before GC invocations=8 (full 1):
 PSYoungGen      total 131584K, used 131523K [0x00000000d6f00000, 0x00000000dfd00000, 0x0000000100000000)
  eden space 123904K, 100% used [0x00000000d6f00000,0x00000000de800000,0x00000000de800000)
  from space 7680K, 99% used [0x00000000df580000,0x00000000dfcf0ca0,0x00000000dfd00000)
  to   space 10752K, 0% used [0x00000000de800000,0x00000000de800000,0x00000000df280000)
 ParOldGen       total 49152K, used 10496K [0x0000000084c00000, 0x0000000087c00000, 0x00000000d6f00000)
  object space 49152K, 21% used [0x0000000084c00000,0x0000000085640298,0x0000000087c00000)
 Metaspace       used 27785K, capacity 28142K, committed 28544K, reserved 1075200K
  class space    used 3529K, capacity 3624K, committed 3712K, reserved 1048576K
Event: 29.314 GC heap after
Heap after GC invocations=8 (full 1):
 PSYoungGen      total 134656K, used 10747K [0x00000000d6f00000, 0x00000000e7100000, 0x0000000100000000)
  eden space 123904K, 0% used [0x00000000d6f00000,0x00000000d6f00000,0x00000000de800000)
  from space 10752K, 99% used [0x00000000de800000,0x00000000df27edc0,0x00000000df280000)
  to   space 12288K, 0% used [0x00000000e6500000,0x00000000e6500000,0x00000000e7100000)
 ParOldGen       total 49152K, used 11382K [0x0000000084c00000, 0x0000000087c00000, 0x00000000d6f00000)
  object space 49152K, 23% used [0x0000000084c00000,0x000000008571db08,0x0000000087c00000)
 Metaspace       used 27785K, capacity 28142K, committed 28544K, reserved 1075200K
  class space    used 3529K, capacity 3624K, committed 3712K, reserved 1048576K
}
Event: 42.362 GC heap before
{Heap before GC invocations=9 (full 1):
 PSYoungGen      total 134656K, used 134651K [0x00000000d6f00000, 0x00000000e7100000, 0x0000000100000000)
  eden space 123904K, 100% used [0x00000000d6f00000,0x00000000de800000,0x00000000de800000)
  from space 10752K, 99% used [0x00000000de800000,0x00000000df27edc0,0x00000000df280000)
  to   space 12288K, 0% used [0x00000000e6500000,0x00000000e6500000,0x00000000e7100000)
 ParOldGen       total 49152K, used 11382K [0x0000000084c00000, 0x0000000087c00000, 0x00000000d6f00000)
  object space 49152K, 23% used [0x0000000084c00000,0x000000008571db08,0x0000000087c00000)
 Metaspace       used 28019K, capacity 28398K, committed 28800K, reserved 1075200K
  class space    used 3532K, capacity 3624K, committed 3712K, reserved 1048576K
Event: 42.367 GC heap after
Heap after GC invocations=9 (full 1):
 PSYoungGen      total 246784K, used 8456K [0x00000000d6f00000, 0x00000000e6e80000, 0x0000000100000000)
  eden space 237056K, 0% used [0x00000000d6f00000,0x00000000d6f00000,0x00000000e5680000)
  from space 9728K, 86% used [0x00000000e6500000,0x00000000e6d42290,0x00000000e6e80000)
  to   space 12288K, 0% used [0x00000000e5680000,0x00000000e5680000,0x00000000e6280000)
 ParOldGen       total 49152K, used 11390K [0x0000000084c00000, 0x0000000087c00000, 0x00000000d6f00000)
  object space 49152K, 23% used [0x0000000084c00000,0x000000008571fb08,0x0000000087c00000)
 Metaspace       used 28019K, capacity 28398K, committed 28800K, reserved 1075200K
  class space    used 3532K, capacity 3624K, committed 3712K, reserved 1048576K
}
Event: 64.258 GC heap before
{Heap before GC invocations=10 (full 1):
 PSYoungGen      total 246784K, used 245512K [0x00000000d6f00000, 0x00000000e6e80000, 0x0000000100000000)
  eden space 237056K, 100% used [0x00000000d6f00000,0x00000000e5680000,0x00000000e5680000)
  from space 9728K, 86% used [0x00000000e6500000,0x00000000e6d42290,0x00000000e6e80000)
  to   space 12288K, 0% used [0x00000000e5680000,0x00000000e5680000,0x00000000e6280000)
 ParOldGen       total 49152K, used 11390K [0x0000000084c00000, 0x0000000087c00000, 0x00000000d6f00000)
  object space 49152K, 23% used [0x0000000084c00000,0x000000008571fb08,0x0000000087c00000)
 Metaspace       used 28647K, capacity 28974K, committed 29312K, reserved 1075200K
  class space    used 3535K, capacity 3624K, committed 3712K, reserved 1048576K

