# JRE version: Java(TM) SE Runtime Environment (8.0_121-b13) (build 1.8.0_121-b13)
# Java VM: Java HotSpot(TM) 64-Bit Server VM (25.121-b13 mixed mode linux-amd64 compressed oops)
Heap:
 PSYoungGen      total 169984K, used 256K [0x00000000d6f00000, 0x00000000e5f00000, 0x0000000100000000)
  eden space 157184K, 0% used [0x00000000d6f00000,0x00000000d6f00000,0x00000000e0880000)
  from space 12800K, 2% used [0x00000000e4600000,0x00000000e4640000,0x00000000e5280000)
  to   space 512K, 0% used [0x00000000e5e80000,0x00000000e5e80000,0x00000000e5f00000)
 ParOldGen       total 50688K, used 17892K [0x0000000084c00000, 0x0000000087d80000, 0x00000000d6f00000)
  object space 50688K, 35% used [0x0000000084c00000,0x0000000085d793b0,0x0000000087d80000)
 Metaspace       used 28554K, capacity 28906K, committed 29312K, reserved 1075200K
  class space    used 3537K, capacity 3624K, committed 3712K, reserved 1048576K
GC Heap History (10 events):
Event: 10.480 GC heap after
Heap after GC invocations=9 (full 1):
 PSYoungGen      total 122368K, used 9726K [0x00000000d6f00000, 0x00000000df480000, 0x0000000100000000)
  eden space 112640K, 0% used [0x00000000d6f00000,0x00000000d6f00000,0x00000000ddd00000)
  from space 9728K, 99% used [0x00000000de780000,0x00000000df0ff988,0x00000000df100000)
  to   space 10752K, 0% used [0x00000000ddd00000,0x00000000ddd00000,0x00000000de780000)
 ParOldGen       total 50688K, used 9929K [0x0000000084c00000, 0x0000000087d80000, 0x00000000d6f00000)
  object space 50688K, 19% used [0x0000000084c00000,0x00000000855b27b0,0x0000000087d80000)
 Metaspace       used 25378K, capacity 25682K, committed 25984K, reserved 1071104K
  class space    used 3247K, capacity 3362K, committed 3456K, reserved 1048576K
}
Event: 43.008 GC heap before
{Heap before GC invocations=10 (full 1):
 PSYoungGen      total 122368K, used 122366K [0x00000000d6f00000, 0x00000000df480000, 0x0000000100000000)
  eden space 112640K, 100% used [0x00000000d6f00000,0x00000000ddd00000,0x00000000ddd00000)
  from space 9728K, 99% used [0x00000000de780000,0x00000000df0ff988,0x00000000df100000)
  to   space 10752K, 0% used [0x00000000ddd00000,0x00000000ddd00000,0x00000000de780000)
 ParOldGen       total 50688K, used 9929K [0x0000000084c00000, 0x0000000087d80000, 0x00000000d6f00000)
  object space 50688K, 19% used [0x0000000084c00000,0x00000000855b27b0,0x0000000087d80000)
 Metaspace       used 27766K, capacity 28138K, committed 28544K, reserved 1075200K
  class space    used 3533K, capacity 3624K, committed 3712K, reserved 1048576K
Event: 43.020 GC heap after
Heap after GC invocations=10 (full 1):
 PSYoungGen      total 123392K, used 9696K [0x00000000d6f00000, 0x00000000e2800000, 0x0000000100000000)
  eden space 112640K, 0% used [0x00000000d6f00000,0x00000000d6f00000,0x00000000ddd00000)
  from space 10752K, 90% used [0x00000000ddd00000,0x00000000de678148,0x00000000de780000)
  to   space 11264K, 0% used [0x00000000e1d00000,0x00000000e1d00000,0x00000000e2800000)
 ParOldGen       total 50688K, used 9937K [0x0000000084c00000, 0x0000000087d80000, 0x00000000d6f00000)
  object space 50688K, 19% used [0x0000000084c00000,0x00000000855b47b0,0x0000000087d80000)
 Metaspace       used 27766K, capacity 28138K, committed 28544K, reserved 1075200K
  class space    used 3533K, capacity 3624K, committed 3712K, reserved 1048576K
}
Event: 62.617 GC heap before
{Heap before GC invocations=11 (full 1):
 PSYoungGen      total 123392K, used 122336K [0x00000000d6f00000, 0x00000000e2800000, 0x0000000100000000)
  eden space 112640K, 100% used [0x00000000d6f00000,0x00000000ddd00000,0x00000000ddd00000)
  from space 10752K, 90% used [0x00000000ddd00000,0x00000000de678148,0x00000000de780000)
  to   space 11264K, 0% used [0x00000000e1d00000,0x00000000e1d00000,0x00000000e2800000)
 ParOldGen       total 50688K, used 9937K [0x0000000084c00000, 0x0000000087d80000, 0x00000000d6f00000)
  object space 50688K, 19% used [0x0000000084c00000,0x00000000855b47b0,0x0000000087d80000)
 Metaspace       used 27931K, capacity 28266K, committed 28544K, reserved 1075200K
  class space    used 3533K, capacity 3624K, committed 3712K, reserved 1048576K
Event: 62.626 GC heap after
Heap after GC invocations=11 (full 1):
 PSYoungGen      total 174080K, used 1168K [0x00000000d6f00000, 0x00000000e2700000, 0x0000000100000000)
  eden space 163840K, 0% used [0x00000000d6f00000,0x00000000d6f00000,0x00000000e0f00000)
  from space 10240K, 11% used [0x00000000e1d00000,0x00000000e1e24030,0x00000000e2700000)
  to   space 12288K, 0% used [0x00000000e0f00000,0x00000000e0f00000,0x00000000e1b00000)
 ParOldGen       total 50688K, used 16875K [0x0000000084c00000, 0x0000000087d80000, 0x00000000d6f00000)
  object space 50688K, 33% used [0x0000000084c00000,0x0000000085c7aee0,0x0000000087d80000)
 Metaspace       used 27931K, capacity 28266K, committed 28544K, reserved 1075200K
  class space    used 3533K, capacity 3624K, committed 3712K, reserved 1048576K
}
Event: 88.167 GC heap before
{Heap before GC invocations=12 (full 1):
 PSYoungGen      total 174080K, used 165008K [0x00000000d6f00000, 0x00000000e2700000, 0x0000000100000000)
  eden space 163840K, 100% used [0x00000000d6f00000,0x00000000e0f00000,0x00000000e0f00000)
  from space 10240K, 11% used [0x00000000e1d00000,0x00000000e1e24030,0x00000000e2700000)
  to   space 12288K, 0% used [0x00000000e0f00000,0x00000000e0f00000,0x00000000e1b00000)
 ParOldGen       total 50688K, used 16875K [0x0000000084c00000, 0x0000000087d80000, 0x00000000d6f00000)
  object space 50688K, 33% used [0x0000000084c00000,0x0000000085c7aee0,0x0000000087d80000)
 Metaspace       used 28543K, capacity 28906K, committed 29312K, reserved 1075200K
  class space    used 3533K, capacity 3624K, committed 3712K, reserved 1048576K
Event: 88.169 GC heap after
Heap after GC invocations=12 (full 1):
 PSYoungGen      total 176128K, used 400K [0x00000000d6f00000, 0x00000000e6b00000, 0x0000000100000000)
  eden space 163840K, 0% used [0x00000000d6f00000,0x00000000d6f00000,0x00000000e0f00000)
  from space 12288K, 3% used [0x00000000e0f00000,0x00000000e0f64030,0x00000000e1b00000)
  to   space 12800K, 0% used [0x00000000e5e80000,0x00000000e5e80000,0x00000000e6b00000)
 ParOldGen       total 50688K, used 17804K [0x0000000084c00000, 0x0000000087d80000, 0x00000000d6f00000)
  object space 50688K, 35% used [0x0000000084c00000,0x0000000085d633b0,0x0000000087d80000)
 Metaspace       used 28543K, capacity 28906K, committed 29312K, reserved 1075200K
  class space    used 3533K, capacity 3624K, committed 3712K, reserved 1048576K
}
Event: 116.632 GC heap before
{Heap before GC invocations=13 (full 1):
 PSYoungGen      total 176128K, used 164240K [0x00000000d6f00000, 0x00000000e6b00000, 0x0000000100000000)
  eden space 163840K, 100% used [0x00000000d6f00000,0x00000000e0f00000,0x00000000e0f00000)
  from space 12288K, 3% used [0x00000000e0f00000,0x00000000e0f64030,0x00000000e1b00000)
  to   space 12800K, 0% used [0x00000000e5e80000,0x00000000e5e80000,0x00000000e6b00000)
 ParOldGen       total 50688K, used 17804K [0x0000000084c00000, 0x0000000087d80000, 0x00000000d6f00000)
  object space 50688K, 35% used [0x0000000084c00000,0x0000000085d633b0,0x0000000087d80000)
 Metaspace       used 28544K, capacity 28906K, committed 29312K, reserved 1075200K
  class space    used 3535K, capacity 3624K, committed 3712K, reserved 1048576K
Event: 116.633 GC heap after
Heap after GC invocations=13 (full 1):
 PSYoungGen      total 157696K, used 240K [0x00000000d6f00000, 0x00000000e5f00000, 0x0000000100000000)
  eden space 157184K, 0% used [0x00000000d6f00000,0x00000000d6f00000,0x00000000e0880000)
  from space 512K, 46% used [0x00000000e5e80000,0x00000000e5ebc010,0x00000000e5f00000)
  to   space 12800K, 0% used [0x00000000e4600000,0x00000000e4600000,0x00000000e5280000)
 ParOldGen       total 50688K, used 17836K [0x0000000084c00000, 0x0000000087d80000, 0x00000000d6f00000)
  object space 50688K, 35% used [0x0000000084c00000,0x0000000085d6b3b0,0x0000000087d80000)
 Metaspace       used 28544K, capacity 28906K, committed 29312K, reserved 1075200K
  class space    used 3535K, capacity 3624K, committed 3712K, reserved 1048576K
}
Event: 343.489 GC heap before
{Heap before GC invocations=14 (full 1):
 PSYoungGen      total 157696K, used 157424K [0x00000000d6f00000, 0x00000000e5f00000, 0x0000000100000000)
  eden space 157184K, 100% used [0x00000000d6f00000,0x00000000e0880000,0x00000000e0880000)
  from space 512K, 46% used [0x00000000e5e80000,0x00000000e5ebc010,0x00000000e5f00000)
  to   space 12800K, 0% used [0x00000000e4600000,0x00000000e4600000,0x00000000e5280000)
 ParOldGen       total 50688K, used 17836K [0x0000000084c00000, 0x0000000087d80000, 0x00000000d6f00000)
  object space 50688K, 35% used [0x0000000084c00000,0x0000000085d6b3b0,0x0000000087d80000)
 Metaspace       used 28554K, capacity 28906K, committed 29312K, reserved 1075200K
  class space    used 3537K, capacity 3624K, committed 3712K, reserved 1048576K

